# JRE version: Java(TM) SE Runtime Environment (8.0_131-b11) (build 1.8.0_131-b11)
# Java VM: Java HotSpot(TM) 64-Bit Server VM (25.131-b11 mixed mode bsd-amd64 compressed oops)
Heap:
 PSYoungGen      total 158208K, used 110717K [0x0000000795580000, 0x00000007a4980000, 0x00000007c0000000)
  eden space 143360K, 75% used [0x0000000795580000,0x000000079bee1b20,0x000000079e180000)
  from space 14848K, 18% used [0x000000079e180000,0x000000079e43d970,0x000000079f000000)
  to   space 14336K, 0% used [0x00000007a3b80000,0x00000007a3b80000,0x00000007a4980000)
 ParOldGen       total 86016K, used 24001K [0x0000000740000000, 0x0000000745400000, 0x0000000795580000)
  object space 86016K, 27% used [0x0000000740000000,0x0000000741770408,0x0000000745400000)
 Metaspace       used 29664K, capacity 30722K, committed 30848K, reserved 1075200K
  class space    used 3862K, capacity 4127K, committed 4224K, reserved 1048576K
GC Heap History (10 events):
Event: 5.112 GC heap before
{Heap before GC invocations=6 (full 1):
 PSYoungGen      total 45568K, used 45519K [0x0000000795580000, 0x0000000798d00000, 0x00000007c0000000)
  eden space 40448K, 99% used [0x0000000795580000,0x0000000797cf7df0,0x0000000797d00000)
  from space 5120K, 99% used [0x0000000798200000,0x00000007986fc0a8,0x0000000798700000)
  to   space 5120K, 0% used [0x0000000797d00000,0x0000000797d00000,0x0000000798200000)
 ParOldGen       total 86016K, used 18815K [0x0000000740000000, 0x0000000745400000, 0x0000000795580000)
  object space 86016K, 21% used [0x0000000740000000,0x000000074125fc68,0x0000000745400000)
 Metaspace       used 27804K, capacity 28776K, committed 28928K, reserved 1075200K
  class space    used 3725K, capacity 3972K, committed 4096K, reserved 1048576K
Event: 5.116 GC heap after
Heap after GC invocations=6 (full 1):
 PSYoungGen      total 45568K, used 5117K [0x0000000795580000, 0x000000079bc00000, 0x00000007c0000000)
  eden space 40448K, 0% used [0x0000000795580000,0x0000000795580000,0x0000000797d00000)
  from space 5120K, 99% used [0x0000000797d00000,0x00000007981ff5c0,0x0000000798200000)
  to   space 14848K, 0% used [0x000000079ad80000,0x000000079ad80000,0x000000079bc00000)
 ParOldGen       total 86016K, used 18935K [0x0000000740000000, 0x0000000745400000, 0x0000000795580000)
  object space 86016K, 22% used [0x0000000740000000,0x000000074127dc20,0x0000000745400000)
 Metaspace       used 27804K, capacity 28776K, committed 28928K, reserved 1075200K
  class space    used 3725K, capacity 3972K, committed 4096K, reserved 1048576K
}
Event: 5.125 GC heap before
{Heap before GC invocations=7 (full 1):
 PSYoungGen      total 45568K, used 45545K [0x0000000795580000, 0x000000079bc00000, 0x00000007c0000000)
  eden space 40448K, 99% used [0x0000000795580000,0x0000000797cfb118,0x0000000797d00000)
  from space 5120K, 99% used [0x0000000797d00000,0x00000007981ff5c0,0x0000000798200000)
  to   space 14848K, 0% used [0x000000079ad80000,0x000000079ad80000,0x000000079bc00000)
 ParOldGen       total 86016K, used 18935K [0x0000000740000000, 0x0000000745400000, 0x0000000795580000)
  object space 86016K, 22% used [0x0000000740000000,0x000000074127dc20,0x0000000745400000)
 Metaspace       used 27804K, capacity 28776K, committed 28928K, reserved 1075200K
  class space    used 3725K, capacity 3972K, committed 4096K, reserved 1048576K
Event: 5.129 GC heap after
Heap after GC invocations=7 (full 1):
 PSYoungGen      total 90112K, used 5254K [0x0000000795580000, 0x000000079be80000, 0x00000007c0000000)
  eden space 75264K, 0% used [0x0000000795580000,0x0000000795580000,0x0000000799f00000)
  from space 14848K, 35% used [0x000000079ad80000,0x000000079b2a18d0,0x000000079bc00000)
  to   space 14848K, 0% used [0x0000000799f00000,0x0000000799f00000,0x000000079ad80000)
 ParOldGen       total 86016K, used 18935K [0x0000000740000000, 0x0000000745400000, 0x0000000795580000)
  object space 86016K, 22% used [0x0000000740000000,0x000000074127dc20,0x0000000745400000)
 Metaspace       used 27804K, capacity 28776K, committed 28928K, reserved 1075200K
  class space    used 3725K, capacity 3972K, committed 4096K, reserved 1048576K
}
Event: 5.152 GC heap before
{Heap before GC invocations=8 (full 1):
 PSYoungGen      total 90112K, used 80397K [0x0000000795580000, 0x000000079be80000, 0x00000007c0000000)
  eden space 75264K, 99% used [0x0000000795580000,0x0000000799ee1c00,0x0000000799f00000)
  from space 14848K, 35% used [0x000000079ad80000,0x000000079b2a18d0,0x000000079bc00000)
  to   space 14848K, 0% used [0x0000000799f00000,0x0000000799f00000,0x000000079ad80000)
 ParOldGen       total 86016K, used 18935K [0x0000000740000000, 0x0000000745400000, 0x0000000795580000)
  object space 86016K, 22% used [0x0000000740000000,0x000000074127dc20,0x0000000745400000)
 Metaspace       used 27804K, capacity 28776K, committed 28928K, reserved 1075200K
  class space    used 3725K, capacity 3972K, committed 4096K, reserved 1048576K
Event: 5.156 GC heap after
Heap after GC invocations=8 (full 1):
 PSYoungGen      total 90112K, used 6086K [0x0000000795580000, 0x000000079fd80000, 0x00000007c0000000)
  eden space 75264K, 0% used [0x0000000795580000,0x0000000795580000,0x0000000799f00000)
  from space 14848K, 40% used [0x0000000799f00000,0x000000079a4f1818,0x000000079ad80000)
  to   space 13824K, 0% used [0x000000079f000000,0x000000079f000000,0x000000079fd80000)
 ParOldGen       total 86016K, used 18935K [0x0000000740000000, 0x0000000745400000, 0x0000000795580000)
  object space 86016K, 22% used [0x0000000740000000,0x000000074127dc20,0x0000000745400000)
 Metaspace       used 27804K, capacity 28776K, committed 28928K, reserved 1075200K
  class space    used 3725K, capacity 3972K, committed 4096K, reserved 1048576K
}
Event: 5.170 GC heap before
{Heap before GC invocations=9 (full 1):
 PSYoungGen      total 90112K, used 81260K [0x0000000795580000, 0x000000079fd80000, 0x00000007c0000000)
  eden space 75264K, 99% used [0x0000000795580000,0x0000000799ee9860,0x0000000799f00000)
  from space 14848K, 40% used [0x0000000799f00000,0x000000079a4f1818,0x000000079ad80000)
  to   space 13824K, 0% used [0x000000079f000000,0x000000079f000000,0x000000079fd80000)
 ParOldGen       total 86016K, used 18935K [0x0000000740000000, 0x0000000745400000, 0x0000000795580000)
  object space 86016K, 22% used [0x0000000740000000,0x000000074127dc20,0x0000000745400000)
 Metaspace       used 27805K, capacity 28776K, committed 28928K, reserved 1075200K
  class space    used 3725K, capacity 3972K, committed 4096K, reserved 1048576K
Event: 5.174 GC heap after
Heap after GC invocations=9 (full 1):
 PSYoungGen      total 157184K, used 446K [0x0000000795580000, 0x00000007a0080000, 0x00000007c0000000)
  eden space 143360K, 0% used [0x0000000795580000,0x0000000795580000,0x000000079e180000)
  from space 13824K, 3% used [0x000000079f000000,0x000000079f06f890,0x000000079fd80000)
  to   space 14848K, 0% used [0x000000079e180000,0x000000079e180000,0x000000079f000000)
 ParOldGen       total 86016K, used 23937K [0x0000000740000000, 0x0000000745400000, 0x0000000795580000)
  object space 86016K, 27% used [0x0000000740000000,0x0000000741760408,0x0000000745400000)
 Metaspace       used 27805K, capacity 28776K, committed 28928K, reserved 1075200K
  class space    used 3725K, capacity 3972K, committed 4096K, reserved 1048576K
}
Event: 6.051 GC heap before
{Heap before GC invocations=10 (full 1):
 PSYoungGen      total 157184K, used 143806K [0x0000000795580000, 0x00000007a0080000, 0x00000007c0000000)
  eden space 143360K, 100% used [0x0000000795580000,0x000000079e180000,0x000000079e180000)
  from space 13824K, 3% used [0x000000079f000000,0x000000079f06f890,0x000000079fd80000)
  to   space 14848K, 0% used [0x000000079e180000,0x000000079e180000,0x000000079f000000)
 ParOldGen       total 86016K, used 23937K [0x0000000740000000, 0x0000000745400000, 0x0000000795580000)
  object space 86016K, 27% used [0x0000000740000000,0x0000000741760408,0x0000000745400000)
 Metaspace       used 28884K, capacity 29896K, committed 30080K, reserved 1075200K
  class space    used 3832K, capacity 4098K, committed 4224K, reserved 1048576K
Event: 6.054 GC heap after
Heap after GC invocations=10 (full 1):
 PSYoungGen      total 158208K, used 2806K [0x0000000795580000, 0x00000007a4980000, 0x00000007c0000000)
  eden space 143360K, 0% used [0x0000000795580000,0x0000000795580000,0x000000079e180000)
  from space 14848K, 18% used [0x000000079e180000,0x000000079e43d970,0x000000079f000000)
  to   space 14336K, 0% used [0x00000007a3b80000,0x00000007a3b80000,0x00000007a4980000)
 ParOldGen       total 86016K, used 24001K [0x0000000740000000, 0x0000000745400000, 0x0000000795580000)
  object space 86016K, 27% used [0x0000000740000000,0x0000000741770408,0x0000000745400000)
 Metaspace       used 28884K, capacity 29896K, committed 30080K, reserved 1075200K
  class space    used 3832K, capacity 4098K, committed 4224K, reserved 1048576K
}

