# JRE version: Java(TM) SE Runtime Environment (8.0_131-b11) (build 1.8.0_131-b11)
# Java VM: Java HotSpot(TM) 64-Bit Server VM (25.131-b11 mixed mode bsd-amd64 compressed oops)
Heap:
 PSYoungGen      total 190464K, used 75192K [0x0000000795580000, 0x00000007a2d00000, 0x00000007c0000000)
  eden space 164352K, 43% used [0x0000000795580000,0x0000000799c04a40,0x000000079f600000)
  from space 26112K, 11% used [0x00000007a1380000,0x00000007a1669760,0x00000007a2d00000)
  to   space 28160K, 0% used [0x000000079f600000,0x000000079f600000,0x00000007a1180000)
 ParOldGen       total 81920K, used 60278K [0x0000000740000000, 0x0000000745000000, 0x0000000795580000)
  object space 81920K, 73% used [0x0000000740000000,0x0000000743addbc8,0x0000000745000000)
 Metaspace       used 29869K, capacity 30952K, committed 31104K, reserved 1077248K
  class space    used 3875K, capacity 4132K, committed 4224K, reserved 1048576K
GC Heap History (10 events):
Event: 21.649 GC heap before
{Heap before GC invocations=7 (full 1):
 PSYoungGen      total 47616K, used 47521K [0x0000000795580000, 0x000000079c380000, 0x00000007c0000000)
  eden space 42496K, 99% used [0x0000000795580000,0x0000000797eecd60,0x0000000797f00000)
  from space 5120K, 99% used [0x0000000797f00000,0x00000007983fba48,0x0000000798400000)
  to   space 28672K, 0% used [0x000000079a780000,0x000000079a780000,0x000000079c380000)
 ParOldGen       total 81920K, used 54320K [0x0000000740000000, 0x0000000745000000, 0x0000000795580000)
  object space 81920K, 66% used [0x0000000740000000,0x000000074350c340,0x0000000745000000)
 Metaspace       used 28512K, capacity 29518K, committed 29696K, reserved 1075200K
  class space    used 3743K, capacity 3987K, committed 4096K, reserved 1048576K
Event: 21.653 GC heap after
Heap after GC invocations=7 (full 1):
 PSYoungGen      total 83968K, used 6073K [0x0000000795580000, 0x000000079db80000, 0x00000007c0000000)
  eden space 55296K, 0% used [0x0000000795580000,0x0000000795580000,0x0000000798b80000)
  from space 28672K, 21% used [0x000000079a780000,0x000000079ad6e700,0x000000079c380000)
  to   space 28672K, 0% used [0x0000000798b80000,0x0000000798b80000,0x000000079a780000)
 ParOldGen       total 81920K, used 54328K [0x0000000740000000, 0x0000000745000000, 0x0000000795580000)
  object space 81920K, 66% used [0x0000000740000000,0x000000074350e340,0x0000000745000000)
 Metaspace       used 28512K, capacity 29518K, committed 29696K, reserved 1075200K
  class space    used 3743K, capacity 3987K, committed 4096K, reserved 1048576K
}
Event: 21.665 GC heap before
{Heap before GC invocations=8 (full 1):
 PSYoungGen      total 83968K, used 61255K [0x0000000795580000, 0x000000079db80000, 0x00000007c0000000)
  eden space 55296K, 99% used [0x0000000795580000,0x0000000798b63568,0x0000000798b80000)
  from space 28672K, 21% used [0x000000079a780000,0x000000079ad6e700,0x000000079c380000)
  to   space 28672K, 0% used [0x0000000798b80000,0x0000000798b80000,0x000000079a780000)
 ParOldGen       total 81920K, used 54328K [0x0000000740000000, 0x0000000745000000, 0x0000000795580000)
  object space 81920K, 66% used [0x0000000740000000,0x000000074350e340,0x0000000745000000)
 Metaspace       used 28512K, capacity 29518K, committed 29696K, reserved 1075200K
  class space    used 3743K, capacity 3987K, committed 4096K, reserved 1048576K
Event: 21.669 GC heap after
Heap after GC invocations=8 (full 1):
 PSYoungGen      total 83968K, used 6172K [0x0000000795580000, 0x000000079f480000, 0x00000007c0000000)
  eden space 55296K, 0% used [0x0000000795580000,0x0000000795580000,0x0000000798b80000)
  from space 28672K, 21% used [0x0000000798b80000,0x0000000799187330,0x000000079a780000)
  to   space 28160K, 0% used [0x000000079d900000,0x000000079d900000,0x000000079f480000)
 ParOldGen       total 81920K, used 54328K [0x0000000740000000, 0x0000000745000000, 0x0000000795580000)
  object space 81920K, 66% used [0x0000000740000000,0x000000074350e340,0x0000000745000000)
 Metaspace       used 28512K, capacity 29518K, committed 29696K, reserved 1075200K
  class space    used 3743K, capacity 3987K, committed 4096K, reserved 1048576K
}
Event: 21.678 GC heap before
{Heap before GC invocations=9 (full 1):
 PSYoungGen      total 83968K, used 61380K [0x0000000795580000, 0x000000079f480000, 0x00000007c0000000)
  eden space 55296K, 99% used [0x0000000795580000,0x0000000798b6a090,0x0000000798b80000)
  from space 28672K, 21% used [0x0000000798b80000,0x0000000799187330,0x000000079a780000)
  to   space 28160K, 0% used [0x000000079d900000,0x000000079d900000,0x000000079f480000)
 ParOldGen       total 81920K, used 54328K [0x0000000740000000, 0x0000000745000000, 0x0000000795580000)
  object space 81920K, 66% used [0x0000000740000000,0x000000074350e340,0x0000000745000000)
 Metaspace       used 28512K, capacity 29518K, committed 29696K, reserved 1075200K
  class space    used 3743K, capacity 3987K, committed 4096K, reserved 1048576K
Event: 21.682 GC heap after
Heap after GC invocations=9 (full 1):
 PSYoungGen      total 134144K, used 1874K [0x0000000795580000, 0x000000079f680000, 0x00000007c0000000)
  eden space 105984K, 0% used [0x0000000795580000,0x0000000795580000,0x000000079bd00000)
  from space 28160K, 6% used [0x000000079d900000,0x000000079dad48f0,0x000000079f480000)
  to   space 28672K, 0% used [0x000000079bd00000,0x000000079bd00000,0x000000079d900000)
 ParOldGen       total 81920K, used 58686K [0x0000000740000000, 0x0000000745000000, 0x0000000795580000)
  object space 81920K, 71% used [0x0000000740000000,0x000000074394fbb8,0x0000000745000000)
 Metaspace       used 28512K, capacity 29518K, committed 29696K, reserved 1075200K
  class space    used 3743K, capacity 3987K, committed 4096K, reserved 1048576K
}
Event: 21.826 GC heap before
{Heap before GC invocations=10 (full 1):
 PSYoungGen      total 134144K, used 107858K [0x0000000795580000, 0x000000079f680000, 0x00000007c0000000)
  eden space 105984K, 100% used [0x0000000795580000,0x000000079bd00000,0x000000079bd00000)
  from space 28160K, 6% used [0x000000079d900000,0x000000079dad48f0,0x000000079f480000)
  to   space 28672K, 0% used [0x000000079bd00000,0x000000079bd00000,0x000000079d900000)
 ParOldGen       total 81920K, used 58686K [0x0000000740000000, 0x0000000745000000, 0x0000000795580000)
  object space 81920K, 71% used [0x0000000740000000,0x000000074394fbb8,0x0000000745000000)
 Metaspace       used 28695K, capacity 29710K, committed 29952K, reserved 1075200K
  class space    used 3767K, capacity 4027K, committed 4096K, reserved 1048576K
Event: 21.829 GC heap after
Heap after GC invocations=10 (full 1):
 PSYoungGen      total 134656K, used 1104K [0x0000000795580000, 0x00000007a2f80000, 0x00000007c0000000)
  eden space 105984K, 0% used [0x0000000795580000,0x0000000795580000,0x000000079bd00000)
  from space 28672K, 3% used [0x000000079bd00000,0x000000079be14028,0x000000079d900000)
  to   space 28672K, 0% used [0x00000007a1380000,0x00000007a1380000,0x00000007a2f80000)
 ParOldGen       total 81920K, used 60270K [0x0000000740000000, 0x0000000745000000, 0x0000000795580000)
  object space 81920K, 73% used [0x0000000740000000,0x0000000743adbbc8,0x0000000745000000)
 Metaspace       used 28695K, capacity 29710K, committed 29952K, reserved 1075200K
  class space    used 3767K, capacity 4027K, committed 4096K, reserved 1048576K
}
Event: 22.731 GC heap before
{Heap before GC invocations=11 (full 1):
 PSYoungGen      total 134656K, used 107088K [0x0000000795580000, 0x00000007a2f80000, 0x00000007c0000000)
  eden space 105984K, 100% used [0x0000000795580000,0x000000079bd00000,0x000000079bd00000)
  from space 28672K, 3% used [0x000000079bd00000,0x000000079be14028,0x000000079d900000)
  to   space 28672K, 0% used [0x00000007a1380000,0x00000007a1380000,0x00000007a2f80000)
 ParOldGen       total 81920K, used 60270K [0x0000000740000000, 0x0000000745000000, 0x0000000795580000)
  object space 81920K, 73% used [0x0000000740000000,0x0000000743adbbc8,0x0000000745000000)
 Metaspace       used 29471K, capacity 30570K, committed 30848K, reserved 1075200K
  class space    used 3849K, capacity 4113K, committed 4224K, reserved 1048576K
Event: 22.734 GC heap after
Heap after GC invocations=11 (full 1):
 PSYoungGen      total 190464K, used 2981K [0x0000000795580000, 0x00000007a2d00000, 0x00000007c0000000)
  eden space 164352K, 0% used [0x0000000795580000,0x0000000795580000,0x000000079f600000)
  from space 26112K, 11% used [0x00000007a1380000,0x00000007a1669760,0x00000007a2d00000)
  to   space 28160K, 0% used [0x000000079f600000,0x000000079f600000,0x00000007a1180000)
 ParOldGen       total 81920K, used 60278K [0x0000000740000000, 0x0000000745000000, 0x0000000795580000)
  object space 81920K, 73% used [0x0000000740000000,0x0000000743addbc8,0x0000000745000000)
 Metaspace       used 29471K, capacity 30570K, committed 30848K, reserved 1075200K
  class space    used 3849K, capacity 4113K, committed 4224K, reserved 1048576K
}

